<?xml version="1.0" encoding="UTF-8"?>
<testsuite xmlns:xsi="http://www.w3.org/2001/XMLSchema-instance" xsi:noNamespaceSchemaLocation="https://maven.apache.org/surefire/maven-surefire-plugin/xsd/surefire-test-report-3.0.xsd" version="3.0" name="com.example.backend.controller.HealthControllerTest" time="0.127" tests="3" errors="0" skipped="0" failures="0">
  <properties>
[...]
</properties>
  <testcase name="dbStatusReturnsConnected" classname="com.example.backend.controller.HealthControllerTest" time="0.094">
    <system-out><![CDATA[01:11:58.781 [main] ERROR com.example.backend.service.DatabaseStatusService -- ✗ MongoDB connection failed: Cannot invoke "org.springframework.data.mongodb.core.MongoTemplate.getDb()" because "this.mongoTemplate" is null
]]></system-out>
  </testcase>
  <testcase name="dbStatusHandlesDisconnection" classname="com.example.backend.controller.HealthControllerTest" time="0.003">
    <system-out><![CDATA[01:11:58.801 [main] ERROR com.example.backend.service.DatabaseStatusService -- ✗ MongoDB connection failed: Cannot invoke "org.springframework.data.mongodb.core.MongoTemplate.getDb()" because "this.mongoTemplate" is null
01:11:58.801 [main] ERROR com.example.backend.service.DatabaseStatusService -- ✗ MongoDB connection failed: Cannot invoke "org.springframework.data.mongodb.core.MongoTemplate.getDb()" because "this.mongoTemplate" is null
]]></system-out>
  </testcase>
  <testcase name="healthReturnsRunning" classname="com.example.backend.controller.HealthControllerTest" time="0.001">
    <system-out><![CDATA[01:11:58.803 [main] ERROR com.example.backend.service.DatabaseStatusService -- ✗ MongoDB connection failed: Cannot invoke "org.springframework.data.mongodb.core.MongoTemplate.getDb()" because "this.mongoTemplate" is null
]]></system-out>
  </testcase>
</testsuite>